09062019 11:5043 PM,20,19,Initializing
09062019 11:5112 PM,20,19,Initializing
09062019 11:5116 PM,20,19,Initializing
09062019 11:5119 PM,20,19,Initializing
09062019 11:5124 PM,20,19,Initializing
09062019 11:5231 PM,20,19,Initializing
09062019 11:5233 PM,20,282,Protein consequence not found. Ignoring variant: NM_001134407.3(GRIN2A):c.1122+320G>A
09062019 11:5233 PM,20,282,Protein consequence not found. Ignoring variant: NM_001134407.3(GRIN2A):c.-18-345C>A
09062019 11:5234 PM,20,282,Protein consequence not found. Ignoring variant: NM_007327.4(GRIN1):c.571-1141G>A
09062019 11:5234 PM,20,282,Protein consequence not found. Ignoring variant: NM_007327.4(GRIN1):c.570+263G>C
09062019 11:5235 PM,20,282,Protein consequence not found. Ignoring variant: NM_000834.4(GRIN2B):c.1780+19G>A
09062019 11:5236 PM,20,282,Protein consequence not found. Ignoring variant: NM_000834.4(GRIN2B):c.-47G>T
09062019 11:5236 PM,20,282,Protein consequence not found. Ignoring variant: NM_001134407.3(GRIN2A):c.2356+13G>A
09062019 11:5237 PM,20,282,Protein consequence not found. Ignoring variant: NM_000834.4(GRIN2B):c.2011-197T>C
09062019 11:5237 PM,20,282,Protein consequence not found. Ignoring variant: NM_001134407.3(GRIN2A):c.2357-247C>A
09062019 11:5238 PM,20,282,Protein consequence not found. Ignoring variant: NM_001134407.3(GRIN2A):c.1328+142A>T
09062019 11:5238 PM,20,282,Protein consequence not found. Ignoring variant: NM_000834.4(GRIN2B):c.2359+224A>C
09062019 11:5239 PM,20,282,Protein consequence not found. Ignoring variant: NM_000834.4(GRIN2B):c.2359+129A>G
09062019 11:5239 PM,20,282,Protein consequence not found. Ignoring variant: NM_001134407.3(GRIN2A):c.2595+152C>A
09062019 11:5240 PM,20,282,Protein consequence not found. Ignoring variant: NM_007327.4(GRIN1):c.1340-38G>A
09062019 11:5240 PM,20,282,Protein consequence not found. Ignoring variant: NM_007327.4(GRIN1):c.672-80A>G
09062019 11:5241 PM,20,282,Protein consequence not found. Ignoring variant: NM_007327.4(GRIN1):c.672-106A>C
09062019 11:5242 PM,20,282,Protein consequence not found. Ignoring variant: NM_007327.4(GRIN1):c.672-134A>G
09062019 11:5242 PM,20,282,Protein consequence not found. Ignoring variant: NM_007327.4(GRIN1):c.394-139C>A
09062019 11:5243 PM,20,282,Protein consequence not found. Ignoring variant: NM_007327.4(GRIN1):c.394-176_394-175insA
09062019 11:5243 PM,20,282,Protein consequence not found. Ignoring variant: NM_007327.4(GRIN1):c.394-188_394-130del
09062019 11:5244 PM,20,282,Protein consequence not found. Ignoring variant: NM_000834.4(GRIN2B):c.2172-176A>G
09062019 11:5244 PM,20,282,Protein consequence not found. Ignoring variant: NM_001134407.3(GRIN2A):c.1328+181C>A
09062019 11:5245 PM,20,282,Protein consequence not found. Ignoring variant: NM_001134407.3(GRIN2A):c.1123-177T>C
09062019 11:5245 PM,20,282,Protein consequence not found. Ignoring variant: NM_007327.4(GRIN1):c.1468-219_1468-204del
09062019 11:5246 PM,20,282,Protein consequence not found. Ignoring variant: NM_001134407.3(GRIN2A):c.2457C>T (p.Gly819=)
09062019 11:5247 PM,20,282,Protein consequence not found. Ignoring variant: NM_007327.4(GRIN1):c.1467+202T>C
09062019 11:5247 PM,20,282,Protein consequence not found. Ignoring variant: NM_007327.4(GRIN1):c.1467+160G>A
09062019 11:5248 PM,20,282,Protein consequence not found. Ignoring variant: NM_007327.4(GRIN1):c.258+235C>T
09062019 11:5248 PM,20,282,Protein consequence not found. Ignoring variant: NM_000834.4(GRIN2B):c.3081C>A (p.Leu1027=)
09062019 11:5248 PM,20,282,Protein consequence not found. Ignoring variant: NM_007327.4(GRIN1):c.2328C>T (p.Ile776=)
09062019 11:5249 PM,20,282,Protein consequence not found. Ignoring variant: NM_007327.4(GRIN1):c.1806C>T (p.Thr602=)
09062019 11:5249 PM,20,282,Protein consequence not found. Ignoring variant: NM_001083619.1(GRIA2):c.1845-8G>T
09062019 11:5250 PM,20,282,Protein consequence not found. Ignoring variant: NM_007327.4(GRIN1):c.633G>A (p.Ala211=)
09062019 11:5251 PM,20,282,Protein consequence not found. Ignoring variant: NM_007327.4(GRIN1):c.672-147C>T
09062019 11:5251 PM,20,282,Protein consequence not found. Ignoring variant: NM_007327.4(GRIN1):c.672-148G>A
09062019 11:5252 PM,20,282,Protein consequence not found. Ignoring variant: NM_007327.4(GRIN1):c.394-32A>G
09062019 11:5252 PM,20,282,Protein consequence not found. Ignoring variant: NM_001134407.3(GRIN2A):c.1122+200G>C
09062019 11:5253 PM,20,282,Protein consequence not found. Ignoring variant: NM_001134407.3(GRIN2A):c.1328+160T>C
09062019 11:5253 PM,20,282,Protein consequence not found. Ignoring variant: NM_001134407.3(GRIN2A):c.1122+133T>C
09062019 11:5254 PM,20,282,Protein consequence not found. Ignoring variant: NM_007327.4(GRIN1):c.1467+182C>T
09062019 11:5254 PM,20,282,Protein consequence not found. Ignoring variant: NM_007327.4(GRIN1):c.969-177G>A
09062019 11:5255 PM,20,282,Protein consequence not found. Ignoring variant: NM_001134407.3(GRIN2A):c.415-191C>G
09062019 11:5256 PM,20,282,Protein consequence not found. Ignoring variant: NM_007327.4(GRIN1):c.259-203G>A
09062019 11:5256 PM,20,282,Protein consequence not found. Ignoring variant: NM_000834.4(GRIN2B):c.1500+47C>T
09062019 11:5936 PM,20,19,Initializing
09062019 11:5940 PM,20,19,Initializing
09072019 12:0003 AM,20,19,Initializing
09072019 12:0006 AM,20,19,Initializing
09072019 12:0012 AM,20,19,Initializing
09072019 12:0016 AM,20,19,Initializing
09072019 07:3942 AM,20,19,Initializing
09072019 07:3945 AM,20,19,Initializing
09072019 07:3953 AM,20,19,Initializing
09072019 07:3959 AM,20,19,Initializing
09072019 07:4004 AM,20,19,Initializing
09072019 07:4008 AM,20,19,Initializing
09072019 07:4013 AM,20,19,Initializing
09072019 07:4017 AM,20,19,Initializing
09072019 08:2210 AM,20,19,Initializing
09072019 08:2215 AM,20,19,Initializing
09072019 08:2220 AM,20,19,Initializing
09072019 08:2315 AM,20,19,Initializing
09072019 08:2328 AM,20,19,Initializing
09072019 08:4155 AM,20,19,Initializing
09072019 08:4200 AM,20,19,Initializing
09072019 08:4205 AM,20,19,Initializing
09072019 08:4209 AM,20,19,Initializing
09072019 08:4327 AM,20,19,Initializing
09072019 08:4329 AM,20,19,Initializing
09072019 08:4449 AM,20,19,Initializing
